#! /usr/bin/vvp
:ivl_version "12.0 (stable)";
:ivl_delay_selection "TYPICAL";
:vpi_time_precision - 12;
:vpi_module "/usr/lib/x86_64-linux-gnu/ivl/system.vpi";
:vpi_module "/usr/lib/x86_64-linux-gnu/ivl/vhdl_sys.vpi";
:vpi_module "/usr/lib/x86_64-linux-gnu/ivl/vhdl_textio.vpi";
:vpi_module "/usr/lib/x86_64-linux-gnu/ivl/v2005_math.vpi";
:vpi_module "/usr/lib/x86_64-linux-gnu/ivl/va_math.vpi";
S_0x56935bcb2220 .scope module, "Instr_Queue_tb" "Instr_Queue_tb" 2 14;
 .timescale -9 -12;
P_0x56935bccb440 .param/l "ADDR_WIDTH" 1 2 22, +C4<00000000000000000000000001000000>;
P_0x56935bccb480 .param/l "CLK_PERIOD" 1 2 20, +C4<00000000000000000000000000001010>;
P_0x56935bccb4c0 .param/l "XLEN" 1 2 21, +C4<00000000000000000000000001000000>;
v0x56935bcfcf30_0 .var "clk", 0 0;
v0x56935bcfcff0_0 .var "decode_ready_i", 0 0;
v0x56935bcfd0e0_0 .var/i "i", 31 0;
v0x56935bcfd1b0_0 .var "ifu_flush_i", 0 0;
v0x56935bcfd280_0 .var "inst0_i", 31 0;
v0x56935bcfd370_0 .net "inst0_o", 31 0, v0x56935bcf33e0_0;  1 drivers
v0x56935bcfd460_0 .var "inst1_i", 31 0;
v0x56935bcfd500_0 .net "inst1_o", 31 0, v0x56935bcf3dc0_0;  1 drivers
v0x56935bcfd5f0_0 .var "inst_valid_i", 0 0;
v0x56935bcfd690_0 .net "inst_valid_o", 0 0, v0x56935bcf46e0_0;  1 drivers
v0x56935bcfd730_0 .net "instr_que_ready_o", 0 0, L_0x56935bca8b60;  1 drivers
v0x56935bcfd7d0_0 .net "misaligned_addr_bypass_o", 63 0, L_0x56935bd149b0;  1 drivers
v0x56935bcfd8a0_0 .var "misaligned_addr_i", 63 0;
v0x56935bcfd990_0 .net "misaligned_addr_valid_o", 0 0, L_0x56935bd148f0;  1 drivers
v0x56935bcfda30_0 .var "misaligned_exception_i", 0 0;
v0x56935bcfdb00_0 .net "misaligned_exception_o", 0 0, v0x56935bcf5a40_0;  1 drivers
v0x56935bcfdbf0_0 .var "rst", 0 0;
E_0x56935bc6f840 .event negedge, v0x56935bca6680_0;
S_0x56935bcc22f0 .scope module, "uut" "Instr_Queue" 2 45, 3 12 0, S_0x56935bcb2220;
 .timescale -9 -12;
    .port_info 0 /INPUT 1 "clk";
    .port_info 1 /INPUT 1 "rst";
    .port_info 2 /INPUT 32 "inst0_i";
    .port_info 3 /INPUT 32 "inst1_i";
    .port_info 4 /INPUT 1 "inst_valid_i";
    .port_info 5 /INPUT 1 "misaligned_exception_i";
    .port_info 6 /INPUT 64 "misaligned_addr_i";
    .port_info 7 /INPUT 1 "ifu_flush_i";
    .port_info 8 /INPUT 1 "decode_ready_i";
    .port_info 9 /OUTPUT 1 "instr_queue_ready_o";
    .port_info 10 /OUTPUT 32 "inst0_o";
    .port_info 11 /OUTPUT 32 "inst1_o";
    .port_info 12 /OUTPUT 1 "inst_valid_o";
    .port_info 13 /OUTPUT 1 "misaligned_exception_o";
    .port_info 14 /OUTPUT 1 "misaligned_addr_valid_o";
    .port_info 15 /OUTPUT 64 "misaligned_addr_bypass_o";
P_0x56935bc7f2b0 .param/l "ENTRY_WIDTH" 1 3 42, +C4<00000000000000000000000000001000010>;
L_0x56935bca8b60 .functor NOT 1, L_0x56935bd0e900, C4<0>, C4<0>, C4<0>;
L_0x56935bca7860 .functor NOT 1, L_0x56935bd0e900, C4<0>, C4<0>, C4<0>;
L_0x56935bca6560 .functor AND 1, v0x56935bcfd5f0_0, L_0x56935bca7860, C4<1>, C4<1>;
L_0x56935bca5260 .functor AND 1, L_0x56935bca6560, L_0x56935bd0ee30, C4<1>, C4<1>;
L_0x56935bd0edc0 .functor AND 1, L_0x56935bca6560, L_0x56935bd0efa0, C4<1>, C4<1>;
L_0x56935bca3f60 .functor AND 1, L_0x56935bca6560, L_0x56935bd0f160, C4<1>, C4<1>;
L_0x56935bca2c60 .functor AND 1, L_0x56935bca6560, L_0x56935bd0f320, C4<1>, C4<1>;
L_0x56935bca1b40 .functor AND 1, L_0x56935bca6560, L_0x56935bd0f4f0, C4<1>, C4<1>;
L_0x56935bd0f920 .functor AND 1, L_0x56935bca6560, L_0x56935bd0f790, C4<1>, C4<1>;
L_0x56935bd0fad0 .functor AND 1, L_0x56935bca6560, L_0x56935bd0f9e0, C4<1>, C4<1>;
L_0x56935bd101e0 .functor AND 1, L_0x56935bca6560, L_0x56935bd0f880, C4<1>, C4<1>;
L_0x56935bd10390 .functor NOT 1, L_0x56935bd0eaa0, C4<0>, C4<0>, C4<0>;
L_0x56935bd108d0 .functor AND 1, L_0x56935bd10390, v0x56935bcfcff0_0, C4<1>, C4<1>;
L_0x56935bd10a80 .functor NOT 1, L_0x56935bd0eaa0, C4<0>, C4<0>, C4<0>;
L_0x56935bd10860 .functor AND 1, L_0x56935bd10a80, v0x56935bcfcff0_0, C4<1>, C4<1>;
L_0x56935bd13510 .functor NOT 1, L_0x56935bd0eaa0, C4<0>, C4<0>, C4<0>;
L_0x56935bd13610 .functor AND 1, L_0x56935bd13510, v0x56935bcfcff0_0, C4<1>, C4<1>;
L_0x56935bd13a20 .functor NOT 1, L_0x56935bd0eaa0, C4<0>, C4<0>, C4<0>;
L_0x56935bd13b30 .functor AND 1, L_0x56935bd13a20, v0x56935bcfcff0_0, C4<1>, C4<1>;
L_0x56935bd14060 .functor NOT 1, L_0x56935bd0eaa0, C4<0>, C4<0>, C4<0>;
L_0x56935bd14180 .functor AND 1, L_0x56935bd14060, v0x56935bcfcff0_0, C4<1>, C4<1>;
L_0x56935bd14530 .functor AND 1, v0x56935bcfd5f0_0, v0x56935bcfda30_0, C4<1>, C4<1>;
L_0x56935bd14660 .functor NOT 1, L_0x56935bd0e900, C4<0>, C4<0>, C4<0>;
L_0x56935bd14760 .functor AND 1, L_0x56935bd14530, L_0x56935bd14660, C4<1>, C4<1>;
L_0x56935bd148f0 .functor AND 1, v0x56935bcf5a40_0, v0x56935bcf46e0_0, C4<1>, C4<1>;
L_0x56935bd149b0 .functor BUFZ 64, v0x56935bcf5090_0, C4<0000000000000000000000000000000000000000000000000000000000000000>, C4<0000000000000000000000000000000000000000000000000000000000000000>, C4<0000000000000000000000000000000000000000000000000000000000000000>;
v0x56935bcf70f0_0 .net *"_ivl_10", 2 0, L_0x56935bd0e7e0;  1 drivers
v0x56935bcf71f0_0 .net *"_ivl_102", 0 0, L_0x56935bd108d0;  1 drivers
L_0x7840686ce5b8 .functor BUFT 1, C4<001>, C4<0>, C4<0>, C4<0>;
v0x56935bcf72b0_0 .net/2u *"_ivl_103", 2 0, L_0x7840686ce5b8;  1 drivers
v0x56935bcf7370_0 .net *"_ivl_105", 2 0, L_0x56935bd109e0;  1 drivers
v0x56935bcf7450_0 .net *"_ivl_107", 2 0, L_0x56935bd10b40;  1 drivers
L_0x7840686ce600 .functor BUFT 1, C4<000>, C4<0>, C4<0>, C4<0>;
v0x56935bcf7580_0 .net/2u *"_ivl_111", 2 0, L_0x7840686ce600;  1 drivers
v0x56935bcf7660_0 .net *"_ivl_113", 0 0, L_0x56935bd10e00;  1 drivers
L_0x7840686ce648 .functor BUFT 1, C4<001>, C4<0>, C4<0>, C4<0>;
v0x56935bcf7720_0 .net/2u *"_ivl_116", 2 0, L_0x7840686ce648;  1 drivers
v0x56935bcf7800_0 .net *"_ivl_118", 0 0, L_0x56935bd110f0;  1 drivers
L_0x7840686ce690 .functor BUFT 1, C4<010>, C4<0>, C4<0>, C4<0>;
v0x56935bcf78c0_0 .net/2u *"_ivl_121", 2 0, L_0x7840686ce690;  1 drivers
v0x56935bcf79a0_0 .net *"_ivl_123", 0 0, L_0x56935bd111e0;  1 drivers
L_0x7840686ce6d8 .functor BUFT 1, C4<011>, C4<0>, C4<0>, C4<0>;
v0x56935bcf7a60_0 .net/2u *"_ivl_126", 2 0, L_0x7840686ce6d8;  1 drivers
v0x56935bcf7b40_0 .net *"_ivl_128", 0 0, L_0x56935bd113d0;  1 drivers
L_0x7840686ce720 .functor BUFT 1, C4<100>, C4<0>, C4<0>, C4<0>;
v0x56935bcf7c00_0 .net/2u *"_ivl_131", 2 0, L_0x7840686ce720;  1 drivers
v0x56935bcf7ce0_0 .net *"_ivl_133", 0 0, L_0x56935bd114c0;  1 drivers
L_0x7840686ce768 .functor BUFT 1, C4<101>, C4<0>, C4<0>, C4<0>;
v0x56935bcf7da0_0 .net/2u *"_ivl_136", 2 0, L_0x7840686ce768;  1 drivers
v0x56935bcf7e80_0 .net *"_ivl_138", 0 0, L_0x56935bd116c0;  1 drivers
L_0x7840686ce7b0 .functor BUFT 1, C4<110>, C4<0>, C4<0>, C4<0>;
v0x56935bcf8050_0 .net/2u *"_ivl_141", 2 0, L_0x7840686ce7b0;  1 drivers
v0x56935bcf8130_0 .net *"_ivl_143", 0 0, L_0x56935bd117b0;  1 drivers
L_0x7840686ce7f8 .functor BUFT 1, C4<111>, C4<0>, C4<0>, C4<0>;
v0x56935bcf81f0_0 .net/2u *"_ivl_146", 2 0, L_0x7840686ce7f8;  1 drivers
v0x56935bcf82d0_0 .net *"_ivl_148", 0 0, L_0x56935bd119c0;  1 drivers
L_0x7840686ce840 .functor BUFT 1, C4<000000000000000000000000000000000000000000000000000000000000000000>, C4<0>, C4<0>, C4<0>;
v0x56935bcf8390_0 .net/2u *"_ivl_151", 65 0, L_0x7840686ce840;  1 drivers
v0x56935bcf8470_0 .net *"_ivl_153", 65 0, L_0x56935bd11ab0;  1 drivers
v0x56935bcf8550_0 .net *"_ivl_155", 65 0, L_0x56935bd11c80;  1 drivers
v0x56935bcf8630_0 .net *"_ivl_157", 65 0, L_0x56935bd11e10;  1 drivers
v0x56935bcf8710_0 .net *"_ivl_159", 65 0, L_0x56935bd120e0;  1 drivers
v0x56935bcf87f0_0 .net *"_ivl_161", 65 0, L_0x56935bd12270;  1 drivers
v0x56935bcf88d0_0 .net *"_ivl_163", 65 0, L_0x56935bd12550;  1 drivers
v0x56935bcf89b0_0 .net *"_ivl_165", 65 0, L_0x56935bd126e0;  1 drivers
v0x56935bcf8a90_0 .net *"_ivl_177", 0 0, L_0x56935bd10a80;  1 drivers
v0x56935bcf8b70_0 .net *"_ivl_18", 0 0, L_0x56935bca7860;  1 drivers
v0x56935bcf8c50_0 .net *"_ivl_180", 0 0, L_0x56935bd10860;  1 drivers
L_0x7840686ce888 .functor BUFT 1, C4<00000000000000000000000000000000>, C4<0>, C4<0>, C4<0>;
v0x56935bcf8d10_0 .net/2u *"_ivl_181", 31 0, L_0x7840686ce888;  1 drivers
v0x56935bcf8df0_0 .net *"_ivl_185", 0 0, L_0x56935bd13510;  1 drivers
v0x56935bcf8ed0_0 .net *"_ivl_188", 0 0, L_0x56935bd13610;  1 drivers
L_0x7840686ce8d0 .functor BUFT 1, C4<00000000000000000000000000000000>, C4<0>, C4<0>, C4<0>;
v0x56935bcf8f90_0 .net/2u *"_ivl_189", 31 0, L_0x7840686ce8d0;  1 drivers
L_0x7840686ce918 .functor BUFT 1, C4<0>, C4<0>, C4<0>, C4<0>;
v0x56935bcf9070_0 .net/2u *"_ivl_193", 0 0, L_0x7840686ce918;  1 drivers
v0x56935bcf9150_0 .net *"_ivl_195", 0 0, L_0x56935bd13a20;  1 drivers
v0x56935bcf9230_0 .net *"_ivl_198", 0 0, L_0x56935bd13b30;  1 drivers
L_0x7840686ce960 .functor BUFT 1, C4<0>, C4<0>, C4<0>, C4<0>;
v0x56935bcf92f0_0 .net/2u *"_ivl_199", 0 0, L_0x7840686ce960;  1 drivers
v0x56935bcf93d0_0 .net *"_ivl_201", 0 0, L_0x56935bd13bf0;  1 drivers
v0x56935bcf94b0_0 .net *"_ivl_205", 0 0, L_0x56935bd14060;  1 drivers
v0x56935bcf9590_0 .net *"_ivl_208", 0 0, L_0x56935bd14180;  1 drivers
L_0x7840686ce9a8 .functor BUFT 1, C4<0>, C4<0>, C4<0>, C4<0>;
v0x56935bcf9650_0 .net/2u *"_ivl_209", 0 0, L_0x7840686ce9a8;  1 drivers
v0x56935bcf9730_0 .net *"_ivl_214", 0 0, L_0x56935bd14530;  1 drivers
v0x56935bcf97f0_0 .net *"_ivl_215", 0 0, L_0x56935bd14660;  1 drivers
L_0x7840686ce2a0 .functor BUFT 1, C4<000>, C4<0>, C4<0>, C4<0>;
v0x56935bcf98d0_0 .net/2u *"_ivl_26", 2 0, L_0x7840686ce2a0;  1 drivers
v0x56935bcf99b0_0 .net *"_ivl_28", 0 0, L_0x56935bd0ee30;  1 drivers
v0x56935bcf9a70_0 .net *"_ivl_31", 0 0, L_0x56935bca5260;  1 drivers
L_0x7840686ce2e8 .functor BUFT 1, C4<001>, C4<0>, C4<0>, C4<0>;
v0x56935bcf9b30_0 .net/2u *"_ivl_34", 2 0, L_0x7840686ce2e8;  1 drivers
v0x56935bcf9c10_0 .net *"_ivl_36", 0 0, L_0x56935bd0efa0;  1 drivers
v0x56935bcf9cd0_0 .net *"_ivl_39", 0 0, L_0x56935bd0edc0;  1 drivers
L_0x7840686ce330 .functor BUFT 1, C4<010>, C4<0>, C4<0>, C4<0>;
v0x56935bcf9d90_0 .net/2u *"_ivl_42", 2 0, L_0x7840686ce330;  1 drivers
v0x56935bcf9e70_0 .net *"_ivl_44", 0 0, L_0x56935bd0f160;  1 drivers
v0x56935bcf9f30_0 .net *"_ivl_47", 0 0, L_0x56935bca3f60;  1 drivers
L_0x7840686ce378 .functor BUFT 1, C4<011>, C4<0>, C4<0>, C4<0>;
v0x56935bcf9ff0_0 .net/2u *"_ivl_50", 2 0, L_0x7840686ce378;  1 drivers
v0x56935bcfa0d0_0 .net *"_ivl_52", 0 0, L_0x56935bd0f320;  1 drivers
v0x56935bcfa190_0 .net *"_ivl_55", 0 0, L_0x56935bca2c60;  1 drivers
L_0x7840686ce3c0 .functor BUFT 1, C4<100>, C4<0>, C4<0>, C4<0>;
v0x56935bcfa250_0 .net/2u *"_ivl_58", 2 0, L_0x7840686ce3c0;  1 drivers
v0x56935bcfa330_0 .net *"_ivl_60", 0 0, L_0x56935bd0f4f0;  1 drivers
v0x56935bcfa3f0_0 .net *"_ivl_63", 0 0, L_0x56935bca1b40;  1 drivers
L_0x7840686ce408 .functor BUFT 1, C4<101>, C4<0>, C4<0>, C4<0>;
v0x56935bcfa4b0_0 .net/2u *"_ivl_66", 2 0, L_0x7840686ce408;  1 drivers
v0x56935bcfa590_0 .net *"_ivl_68", 0 0, L_0x56935bd0f790;  1 drivers
v0x56935bcfa650_0 .net *"_ivl_71", 0 0, L_0x56935bd0f920;  1 drivers
L_0x7840686ce450 .functor BUFT 1, C4<110>, C4<0>, C4<0>, C4<0>;
v0x56935bcfa710_0 .net/2u *"_ivl_74", 2 0, L_0x7840686ce450;  1 drivers
v0x56935bcfa7f0_0 .net *"_ivl_76", 0 0, L_0x56935bd0f9e0;  1 drivers
v0x56935bcfa8b0_0 .net *"_ivl_79", 0 0, L_0x56935bd0fad0;  1 drivers
L_0x7840686ce258 .functor BUFT 1, C4<001>, C4<0>, C4<0>, C4<0>;
v0x56935bcfa970_0 .net/2u *"_ivl_8", 2 0, L_0x7840686ce258;  1 drivers
L_0x7840686ce498 .functor BUFT 1, C4<111>, C4<0>, C4<0>, C4<0>;
v0x56935bcfaa50_0 .net/2u *"_ivl_83", 2 0, L_0x7840686ce498;  1 drivers
v0x56935bcfab30_0 .net *"_ivl_85", 0 0, L_0x56935bd0f880;  1 drivers
v0x56935bcfabf0_0 .net *"_ivl_88", 0 0, L_0x56935bd101e0;  1 drivers
L_0x7840686ce4e0 .functor BUFT 1, C4<001>, C4<0>, C4<0>, C4<0>;
v0x56935bcfacb0_0 .net/2u *"_ivl_89", 2 0, L_0x7840686ce4e0;  1 drivers
v0x56935bcfad90_0 .net *"_ivl_91", 2 0, L_0x56935bd102f0;  1 drivers
v0x56935bcfae70_0 .net *"_ivl_93", 2 0, L_0x56935bd10510;  1 drivers
v0x56935bcfaf50_0 .net *"_ivl_99", 0 0, L_0x56935bd10390;  1 drivers
v0x56935bcfb030_0 .net "clk", 0 0, v0x56935bcfcf30_0;  1 drivers
v0x56935bcfb0d0_0 .net "decode_ready_i", 0 0, v0x56935bcfcff0_0;  1 drivers
v0x56935bcfb190_0 .net "ifu_flush_i", 0 0, v0x56935bcfd1b0_0;  1 drivers
v0x56935bcfb250_0 .net "inst0_i", 31 0, v0x56935bcfd280_0;  1 drivers
v0x56935bcfb330_0 .net "inst0_o", 31 0, v0x56935bcf33e0_0;  alias, 1 drivers
v0x56935bcfb3f0_0 .net "inst1_i", 31 0, v0x56935bcfd460_0;  1 drivers
v0x56935bcfb4b0_0 .net "inst1_o", 31 0, v0x56935bcf3dc0_0;  alias, 1 drivers
v0x56935bcfb5a0_0 .net "inst_valid_i", 0 0, v0x56935bcfd5f0_0;  1 drivers
v0x56935bcfb640_0 .net "inst_valid_o", 0 0, v0x56935bcf46e0_0;  alias, 1 drivers
v0x56935bcfb710_0 .net "instr_queue_ready_o", 0 0, L_0x56935bca8b60;  alias, 1 drivers
v0x56935bcfb7b0_0 .net "misaligned_addr_bypass_o", 63 0, L_0x56935bd149b0;  alias, 1 drivers
v0x56935bcfb890_0 .net "misaligned_addr_i", 63 0, v0x56935bcfd8a0_0;  1 drivers
v0x56935bcfb980_0 .net "misaligned_addr_reg_en_w", 0 0, L_0x56935bd14760;  1 drivers
v0x56935bcfba50_0 .net "misaligned_addr_reg_w", 63 0, v0x56935bcf5090_0;  1 drivers
v0x56935bcfbb20_0 .net "misaligned_addr_valid_o", 0 0, L_0x56935bd148f0;  alias, 1 drivers
v0x56935bcfbbc0_0 .net "misaligned_exception_i", 0 0, v0x56935bcfda30_0;  1 drivers
v0x56935bcfbc60_0 .net "misaligned_exception_o", 0 0, v0x56935bcf5a40_0;  alias, 1 drivers
v0x56935bcfbd30_0 .net "next_inst0_o_w", 31 0, L_0x56935bd131a0;  1 drivers
v0x56935bcfbe00_0 .net "next_inst1_o_w", 31 0, L_0x56935bd13680;  1 drivers
v0x56935bcfbed0_0 .net "next_inst_valid_o_w", 0 0, L_0x56935bd13f20;  1 drivers
v0x56935bcfbfa0_0 .net "next_misaligned_exception_o_w", 0 0, L_0x56935bd13a90;  1 drivers
v0x56935bcfc070_0 .net "next_queue_read_ptr_w", 2 0, L_0x56935bd10cc0;  1 drivers
v0x56935bcfc140_0 .net "next_queue_write_ptr_w", 2 0, L_0x56935bd10600;  1 drivers
v0x56935bcfc210_0 .net "queue_empty_w", 0 0, L_0x56935bd0eaa0;  1 drivers
v0x56935bcfc2b0_0 .net "queue_full_w", 0 0, L_0x56935bd0e900;  1 drivers
v0x56935bcfc350_0 .net "queue_inst0_w", 31 0, L_0x56935bd12b60;  1 drivers
v0x56935bcfc410_0 .net "queue_inst1_w", 31 0, L_0x56935bd12dc0;  1 drivers
v0x56935bcfc4f0_0 .net "queue_inst_valid_w", 0 0, L_0x56935bd12e60;  1 drivers
v0x56935bcfc5b0_0 .net "queue_misaligned_exception_w", 0 0, L_0x56935bd13080;  1 drivers
v0x56935bcfc670_0 .net "queue_read_data_w", 65 0, L_0x56935bd129d0;  1 drivers
v0x56935bcfc750_0 .net "queue_read_ptr_w", 2 0, v0x56935bcf63f0_0;  1 drivers
v0x56935bcfc840 .array "queue_w", 7 0;
v0x56935bcfc840_0 .net v0x56935bcfc840 0, 65 0, v0x56935bca2d80_0; 1 drivers
v0x56935bcfc840_1 .net v0x56935bcfc840 1, 65 0, v0x56935bcee040_0; 1 drivers
v0x56935bcfc840_2 .net v0x56935bcfc840 2, 65 0, v0x56935bceeca0_0; 1 drivers
v0x56935bcfc840_3 .net v0x56935bcfc840 3, 65 0, v0x56935bcef880_0; 1 drivers
v0x56935bcfc840_4 .net v0x56935bcfc840 4, 65 0, v0x56935bcf0520_0; 1 drivers
v0x56935bcfc840_5 .net v0x56935bcfc840 5, 65 0, v0x56935bcf1140_0; 1 drivers
v0x56935bcfc840_6 .net v0x56935bcfc840 6, 65 0, v0x56935bcf1d30_0; 1 drivers
v0x56935bcfc840_7 .net v0x56935bcfc840 7, 65 0, v0x56935bcf29a0_0; 1 drivers
v0x56935bcfca60_0 .net "queue_write_data_w", 65 0, L_0x56935bd0ec30;  1 drivers
v0x56935bcfcb00_0 .net "queue_write_en_w", 7 0, L_0x56935bd0fd00;  1 drivers
v0x56935bcfcba0_0 .net "queue_write_ptr_w", 2 0, v0x56935bcf6da0_0;  1 drivers
v0x56935bcfcc70_0 .net "rst", 0 0, v0x56935bcfdbf0_0;  1 drivers
v0x56935bcfcd10_0 .net "write_enable_condition", 0 0, L_0x56935bca6560;  1 drivers
L_0x56935bd0df00 .part L_0x56935bd0fd00, 0, 1;
L_0x56935bd0e030 .part L_0x56935bd0fd00, 1, 1;
L_0x56935bd0e180 .part L_0x56935bd0fd00, 2, 1;
L_0x56935bd0e280 .part L_0x56935bd0fd00, 3, 1;
L_0x56935bd0e3b0 .part L_0x56935bd0fd00, 4, 1;
L_0x56935bd0e480 .part L_0x56935bd0fd00, 5, 1;
L_0x56935bd0e590 .part L_0x56935bd0fd00, 6, 1;
L_0x56935bd0e690 .part L_0x56935bd0fd00, 7, 1;
L_0x56935bd0e7e0 .arith/sum 3, v0x56935bcf6da0_0, L_0x7840686ce258;
L_0x56935bd0e900 .cmp/eq 3, L_0x56935bd0e7e0, v0x56935bcf63f0_0;
L_0x56935bd0eaa0 .cmp/eq 3, v0x56935bcf6da0_0, v0x56935bcf63f0_0;
L_0x56935bd0ec30 .concat [ 1 1 32 32], v0x56935bcfda30_0, v0x56935bcfd5f0_0, v0x56935bcfd460_0, v0x56935bcfd280_0;
L_0x56935bd0ee30 .cmp/eq 3, v0x56935bcf6da0_0, L_0x7840686ce2a0;
L_0x56935bd0efa0 .cmp/eq 3, v0x56935bcf6da0_0, L_0x7840686ce2e8;
L_0x56935bd0f160 .cmp/eq 3, v0x56935bcf6da0_0, L_0x7840686ce330;
L_0x56935bd0f320 .cmp/eq 3, v0x56935bcf6da0_0, L_0x7840686ce378;
L_0x56935bd0f4f0 .cmp/eq 3, v0x56935bcf6da0_0, L_0x7840686ce3c0;
L_0x56935bd0f790 .cmp/eq 3, v0x56935bcf6da0_0, L_0x7840686ce408;
L_0x56935bd0f9e0 .cmp/eq 3, v0x56935bcf6da0_0, L_0x7840686ce450;
LS_0x56935bd0fd00_0_0 .concat8 [ 1 1 1 1], L_0x56935bca5260, L_0x56935bd0edc0, L_0x56935bca3f60, L_0x56935bca2c60;
LS_0x56935bd0fd00_0_4 .concat8 [ 1 1 1 1], L_0x56935bca1b40, L_0x56935bd0f920, L_0x56935bd0fad0, L_0x56935bd101e0;
L_0x56935bd0fd00 .concat8 [ 4 4 0 0], LS_0x56935bd0fd00_0_0, LS_0x56935bd0fd00_0_4;
L_0x56935bd0f880 .cmp/eq 3, v0x56935bcf6da0_0, L_0x7840686ce498;
L_0x56935bd102f0 .arith/sum 3, v0x56935bcf6da0_0, L_0x7840686ce4e0;
L_0x56935bd10510 .functor MUXZ 3, v0x56935bcf6da0_0, L_0x56935bd102f0, L_0x56935bca6560, C4<>;
L_0x56935bd10600 .functor MUXZ 3, L_0x56935bd10510, v0x56935bcf63f0_0, v0x56935bcfd1b0_0, C4<>;
L_0x56935bd109e0 .arith/sum 3, v0x56935bcf63f0_0, L_0x7840686ce5b8;
L_0x56935bd10b40 .functor MUXZ 3, v0x56935bcf63f0_0, L_0x56935bd109e0, L_0x56935bd108d0, C4<>;
L_0x56935bd10cc0 .functor MUXZ 3, L_0x56935bd10b40, v0x56935bcf63f0_0, v0x56935bcfd1b0_0, C4<>;
L_0x56935bd10e00 .cmp/eq 3, v0x56935bcf63f0_0, L_0x7840686ce600;
L_0x56935bd110f0 .cmp/eq 3, v0x56935bcf63f0_0, L_0x7840686ce648;
L_0x56935bd111e0 .cmp/eq 3, v0x56935bcf63f0_0, L_0x7840686ce690;
L_0x56935bd113d0 .cmp/eq 3, v0x56935bcf63f0_0, L_0x7840686ce6d8;
L_0x56935bd114c0 .cmp/eq 3, v0x56935bcf63f0_0, L_0x7840686ce720;
L_0x56935bd116c0 .cmp/eq 3, v0x56935bcf63f0_0, L_0x7840686ce768;
L_0x56935bd117b0 .cmp/eq 3, v0x56935bcf63f0_0, L_0x7840686ce7b0;
L_0x56935bd119c0 .cmp/eq 3, v0x56935bcf63f0_0, L_0x7840686ce7f8;
L_0x56935bd11ab0 .functor MUXZ 66, L_0x7840686ce840, v0x56935bcf29a0_0, L_0x56935bd119c0, C4<>;
L_0x56935bd11c80 .functor MUXZ 66, L_0x56935bd11ab0, v0x56935bcf1d30_0, L_0x56935bd117b0, C4<>;
L_0x56935bd11e10 .functor MUXZ 66, L_0x56935bd11c80, v0x56935bcf1140_0, L_0x56935bd116c0, C4<>;
L_0x56935bd120e0 .functor MUXZ 66, L_0x56935bd11e10, v0x56935bcf0520_0, L_0x56935bd114c0, C4<>;
L_0x56935bd12270 .functor MUXZ 66, L_0x56935bd120e0, v0x56935bcef880_0, L_0x56935bd113d0, C4<>;
L_0x56935bd12550 .functor MUXZ 66, L_0x56935bd12270, v0x56935bceeca0_0, L_0x56935bd111e0, C4<>;
L_0x56935bd126e0 .functor MUXZ 66, L_0x56935bd12550, v0x56935bcee040_0, L_0x56935bd110f0, C4<>;
L_0x56935bd129d0 .functor MUXZ 66, L_0x56935bd126e0, v0x56935bca2d80_0, L_0x56935bd10e00, C4<>;
L_0x56935bd12b60 .part L_0x56935bd129d0, 34, 32;
L_0x56935bd12dc0 .part L_0x56935bd129d0, 2, 32;
L_0x56935bd12e60 .part L_0x56935bd129d0, 1, 1;
L_0x56935bd13080 .part L_0x56935bd129d0, 0, 1;
L_0x56935bd131a0 .functor MUXZ 32, L_0x7840686ce888, L_0x56935bd12b60, L_0x56935bd10860, C4<>;
L_0x56935bd13680 .functor MUXZ 32, L_0x7840686ce8d0, L_0x56935bd12dc0, L_0x56935bd13610, C4<>;
L_0x56935bd13bf0 .functor MUXZ 1, L_0x7840686ce960, L_0x56935bd12e60, L_0x56935bd13b30, C4<>;
L_0x56935bd13f20 .functor MUXZ 1, L_0x56935bd13bf0, L_0x7840686ce918, v0x56935bcfd1b0_0, C4<>;
L_0x56935bd13a90 .functor MUXZ 1, L_0x7840686ce9a8, L_0x56935bd13080, L_0x56935bd14180, C4<>;
S_0x56935bcbfe60 .scope generate, "queue_dff[0]" "queue_dff[0]" 3 85, 3 85 0, S_0x56935bcc22f0;
 .timescale -9 -12;
P_0x56935bc7ffe0 .param/l "i" 1 3 85, +C4<00>;
S_0x56935bcc2ee0 .scope module, "u_Std_sre_DFF_queue_entry" "Std_sre_DFF" 3 89, 4 10 0, S_0x56935bcbfe60;
 .timescale -9 -12;
    .port_info 0 /INPUT 1 "clk";
    .port_info 1 /INPUT 1 "rst";
    .port_info 2 /INPUT 1 "en";
    .port_info 3 /INPUT 66 "d";
    .port_info 4 /OUTPUT 66 "q";
P_0x56935bcc7770 .param/l "DATA_WIDTH" 0 4 11, +C4<00000000000000000000000000001000010>;
P_0x56935bcc77b0 .param/l "RESET_MODE" 0 4 12, +C4<00000000000000000000000000000001>;
v0x56935bca6680_0 .net "clk", 0 0, v0x56935bcfcf30_0;  alias, 1 drivers
v0x56935bca5380_0 .net "d", 65 0, L_0x56935bd0ec30;  alias, 1 drivers
v0x56935bca4080_0 .net "en", 0 0, L_0x56935bd0df00;  1 drivers
v0x56935bca2d80_0 .var "q", 65 0;
L_0x7840686ce018 .functor BUFT 1, C4<000000000000000000000000000000000000000000000000000000000000000000>, C4<0>, C4<0>, C4<0>;
v0x56935bc68490_0 .net "reset_value_w", 65 0, L_0x7840686ce018;  1 drivers
v0x56935bcd6460_0 .net "rst", 0 0, v0x56935bcfdbf0_0;  alias, 1 drivers
E_0x56935bc77030 .event posedge, v0x56935bca6680_0;
S_0x56935bced8f0 .scope generate, "queue_dff[1]" "queue_dff[1]" 3 85, 3 85 0, S_0x56935bcc22f0;
 .timescale -9 -12;
P_0x56935bcedb10 .param/l "i" 1 3 85, +C4<01>;
S_0x56935bcedbd0 .scope module, "u_Std_sre_DFF_queue_entry" "Std_sre_DFF" 3 89, 4 10 0, S_0x56935bced8f0;
 .timescale -9 -12;
    .port_info 0 /INPUT 1 "clk";
    .port_info 1 /INPUT 1 "rst";
    .port_info 2 /INPUT 1 "en";
    .port_info 3 /INPUT 66 "d";
    .port_info 4 /OUTPUT 66 "q";
P_0x56935bcd63d0 .param/l "DATA_WIDTH" 0 4 11, +C4<00000000000000000000000000001000010>;
P_0x56935bcd6410 .param/l "RESET_MODE" 0 4 12, +C4<00000000000000000000000000000001>;
v0x56935bcd6500_0 .net "clk", 0 0, v0x56935bcfcf30_0;  alias, 1 drivers
v0x56935bcedf00_0 .net "d", 65 0, L_0x56935bd0ec30;  alias, 1 drivers
v0x56935bcedfa0_0 .net "en", 0 0, L_0x56935bd0e030;  1 drivers
v0x56935bcee040_0 .var "q", 65 0;
L_0x7840686ce060 .functor BUFT 1, C4<000000000000000000000000000000000000000000000000000000000000000000>, C4<0>, C4<0>, C4<0>;
v0x56935bcee100_0 .net "reset_value_w", 65 0, L_0x7840686ce060;  1 drivers
v0x56935bcee230_0 .net "rst", 0 0, v0x56935bcfdbf0_0;  alias, 1 drivers
S_0x56935bcee380 .scope generate, "queue_dff[2]" "queue_dff[2]" 3 85, 3 85 0, S_0x56935bcc22f0;
 .timescale -9 -12;
P_0x56935bcee580 .param/l "i" 1 3 85, +C4<010>;
S_0x56935bcee640 .scope module, "u_Std_sre_DFF_queue_entry" "Std_sre_DFF" 3 89, 4 10 0, S_0x56935bcee380;
 .timescale -9 -12;
    .port_info 0 /INPUT 1 "clk";
    .port_info 1 /INPUT 1 "rst";
    .port_info 2 /INPUT 1 "en";
    .port_info 3 /INPUT 66 "d";
    .port_info 4 /OUTPUT 66 "q";
P_0x56935bcede50 .param/l "DATA_WIDTH" 0 4 11, +C4<00000000000000000000000000001000010>;
P_0x56935bcede90 .param/l "RESET_MODE" 0 4 12, +C4<00000000000000000000000000000001>;
v0x56935bcee870_0 .net "clk", 0 0, v0x56935bcfcf30_0;  alias, 1 drivers
v0x56935bceeaf0_0 .net "d", 65 0, L_0x56935bd0ec30;  alias, 1 drivers
v0x56935bceec00_0 .net "en", 0 0, L_0x56935bd0e180;  1 drivers
v0x56935bceeca0_0 .var "q", 65 0;
L_0x7840686ce0a8 .functor BUFT 1, C4<000000000000000000000000000000000000000000000000000000000000000000>, C4<0>, C4<0>, C4<0>;
v0x56935bceed80_0 .net "reset_value_w", 65 0, L_0x7840686ce0a8;  1 drivers
v0x56935bceeeb0_0 .net "rst", 0 0, v0x56935bcfdbf0_0;  alias, 1 drivers
S_0x56935bcef040 .scope generate, "queue_dff[3]" "queue_dff[3]" 3 85, 3 85 0, S_0x56935bcc22f0;
 .timescale -9 -12;
P_0x56935bcef240 .param/l "i" 1 3 85, +C4<011>;
S_0x56935bcef320 .scope module, "u_Std_sre_DFF_queue_entry" "Std_sre_DFF" 3 89, 4 10 0, S_0x56935bcef040;
 .timescale -9 -12;
    .port_info 0 /INPUT 1 "clk";
    .port_info 1 /INPUT 1 "rst";
    .port_info 2 /INPUT 1 "en";
    .port_info 3 /INPUT 66 "d";
    .port_info 4 /OUTPUT 66 "q";
P_0x56935bcee990 .param/l "DATA_WIDTH" 0 4 11, +C4<00000000000000000000000000001000010>;
P_0x56935bcee9d0 .param/l "RESET_MODE" 0 4 12, +C4<00000000000000000000000000000001>;
v0x56935bcef550_0 .net "clk", 0 0, v0x56935bcfcf30_0;  alias, 1 drivers
v0x56935bcef6f0_0 .net "d", 65 0, L_0x56935bd0ec30;  alias, 1 drivers
v0x56935bcef7b0_0 .net "en", 0 0, L_0x56935bd0e280;  1 drivers
v0x56935bcef880_0 .var "q", 65 0;
L_0x7840686ce0f0 .functor BUFT 1, C4<000000000000000000000000000000000000000000000000000000000000000000>, C4<0>, C4<0>, C4<0>;
v0x56935bcef960_0 .net "reset_value_w", 65 0, L_0x7840686ce0f0;  1 drivers
v0x56935bcefa90_0 .net "rst", 0 0, v0x56935bcfdbf0_0;  alias, 1 drivers
S_0x56935bcefbd0 .scope generate, "queue_dff[4]" "queue_dff[4]" 3 85, 3 85 0, S_0x56935bcc22f0;
 .timescale -9 -12;
P_0x56935bcefe20 .param/l "i" 1 3 85, +C4<0100>;
S_0x56935bceff00 .scope module, "u_Std_sre_DFF_queue_entry" "Std_sre_DFF" 3 89, 4 10 0, S_0x56935bcefbd0;
 .timescale -9 -12;
    .port_info 0 /INPUT 1 "clk";
    .port_info 1 /INPUT 1 "rst";
    .port_info 2 /INPUT 1 "en";
    .port_info 3 /INPUT 66 "d";
    .port_info 4 /OUTPUT 66 "q";
P_0x56935bcef640 .param/l "DATA_WIDTH" 0 4 11, +C4<00000000000000000000000000001000010>;
P_0x56935bcef680 .param/l "RESET_MODE" 0 4 12, +C4<00000000000000000000000000000001>;
v0x56935bcf0130_0 .net "clk", 0 0, v0x56935bcfcf30_0;  alias, 1 drivers
v0x56935bcf0300_0 .net "d", 65 0, L_0x56935bd0ec30;  alias, 1 drivers
v0x56935bcf0450_0 .net "en", 0 0, L_0x56935bd0e3b0;  1 drivers
v0x56935bcf0520_0 .var "q", 65 0;
L_0x7840686ce138 .functor BUFT 1, C4<000000000000000000000000000000000000000000000000000000000000000000>, C4<0>, C4<0>, C4<0>;
v0x56935bcf0600_0 .net "reset_value_w", 65 0, L_0x7840686ce138;  1 drivers
v0x56935bcf06e0_0 .net "rst", 0 0, v0x56935bcfdbf0_0;  alias, 1 drivers
S_0x56935bcf08b0 .scope generate, "queue_dff[5]" "queue_dff[5]" 3 85, 3 85 0, S_0x56935bcc22f0;
 .timescale -9 -12;
P_0x56935bceeaa0 .param/l "i" 1 3 85, +C4<0101>;
S_0x56935bcf0af0 .scope module, "u_Std_sre_DFF_queue_entry" "Std_sre_DFF" 3 89, 4 10 0, S_0x56935bcf08b0;
 .timescale -9 -12;
    .port_info 0 /INPUT 1 "clk";
    .port_info 1 /INPUT 1 "rst";
    .port_info 2 /INPUT 1 "en";
    .port_info 3 /INPUT 66 "d";
    .port_info 4 /OUTPUT 66 "q";
P_0x56935bcf0cd0 .param/l "DATA_WIDTH" 0 4 11, +C4<00000000000000000000000000001000010>;
P_0x56935bcf0d10 .param/l "RESET_MODE" 0 4 12, +C4<00000000000000000000000000000001>;
v0x56935bcf0db0_0 .net "clk", 0 0, v0x56935bcfcf30_0;  alias, 1 drivers
v0x56935bcf0fb0_0 .net "d", 65 0, L_0x56935bd0ec30;  alias, 1 drivers
v0x56935bcf1070_0 .net "en", 0 0, L_0x56935bd0e480;  1 drivers
v0x56935bcf1140_0 .var "q", 65 0;
L_0x7840686ce180 .functor BUFT 1, C4<000000000000000000000000000000000000000000000000000000000000000000>, C4<0>, C4<0>, C4<0>;
v0x56935bcf1220_0 .net "reset_value_w", 65 0, L_0x7840686ce180;  1 drivers
v0x56935bcf1350_0 .net "rst", 0 0, v0x56935bcfdbf0_0;  alias, 1 drivers
S_0x56935bcf1490 .scope generate, "queue_dff[6]" "queue_dff[6]" 3 85, 3 85 0, S_0x56935bcc22f0;
 .timescale -9 -12;
P_0x56935bcf1690 .param/l "i" 1 3 85, +C4<0110>;
S_0x56935bcf1770 .scope module, "u_Std_sre_DFF_queue_entry" "Std_sre_DFF" 3 89, 4 10 0, S_0x56935bcf1490;
 .timescale -9 -12;
    .port_info 0 /INPUT 1 "clk";
    .port_info 1 /INPUT 1 "rst";
    .port_info 2 /INPUT 1 "en";
    .port_info 3 /INPUT 66 "d";
    .port_info 4 /OUTPUT 66 "q";
P_0x56935bcf0ea0 .param/l "DATA_WIDTH" 0 4 11, +C4<00000000000000000000000000001000010>;
P_0x56935bcf0ee0 .param/l "RESET_MODE" 0 4 12, +C4<00000000000000000000000000000001>;
v0x56935bcf19a0_0 .net "clk", 0 0, v0x56935bcfcf30_0;  alias, 1 drivers
v0x56935bcf1ba0_0 .net "d", 65 0, L_0x56935bd0ec30;  alias, 1 drivers
v0x56935bcf1c60_0 .net "en", 0 0, L_0x56935bd0e590;  1 drivers
v0x56935bcf1d30_0 .var "q", 65 0;
L_0x7840686ce1c8 .functor BUFT 1, C4<000000000000000000000000000000000000000000000000000000000000000000>, C4<0>, C4<0>, C4<0>;
v0x56935bcf1e10_0 .net "reset_value_w", 65 0, L_0x7840686ce1c8;  1 drivers
v0x56935bcf1f40_0 .net "rst", 0 0, v0x56935bcfdbf0_0;  alias, 1 drivers
S_0x56935bcf2080 .scope generate, "queue_dff[7]" "queue_dff[7]" 3 85, 3 85 0, S_0x56935bcc22f0;
 .timescale -9 -12;
P_0x56935bcf2280 .param/l "i" 1 3 85, +C4<0111>;
S_0x56935bcf2360 .scope module, "u_Std_sre_DFF_queue_entry" "Std_sre_DFF" 3 89, 4 10 0, S_0x56935bcf2080;
 .timescale -9 -12;
    .port_info 0 /INPUT 1 "clk";
    .port_info 1 /INPUT 1 "rst";
    .port_info 2 /INPUT 1 "en";
    .port_info 3 /INPUT 66 "d";
    .port_info 4 /OUTPUT 66 "q";
P_0x56935bcf1a90 .param/l "DATA_WIDTH" 0 4 11, +C4<00000000000000000000000000001000010>;
P_0x56935bcf1ad0 .param/l "RESET_MODE" 0 4 12, +C4<00000000000000000000000000000001>;
v0x56935bcf2590_0 .net "clk", 0 0, v0x56935bcfcf30_0;  alias, 1 drivers
v0x56935bcf2810_0 .net "d", 65 0, L_0x56935bd0ec30;  alias, 1 drivers
v0x56935bcf28d0_0 .net "en", 0 0, L_0x56935bd0e690;  1 drivers
v0x56935bcf29a0_0 .var "q", 65 0;
L_0x7840686ce210 .functor BUFT 1, C4<000000000000000000000000000000000000000000000000000000000000000000>, C4<0>, C4<0>, C4<0>;
v0x56935bcf2a80_0 .net "reset_value_w", 65 0, L_0x7840686ce210;  1 drivers
v0x56935bcf2bb0_0 .net "rst", 0 0, v0x56935bcfdbf0_0;  alias, 1 drivers
S_0x56935bcf2cf0 .scope module, "u_Std_sre_DFF_inst0_o" "Std_sre_DFF" 3 163, 4 10 0, S_0x56935bcc22f0;
 .timescale -9 -12;
    .port_info 0 /INPUT 1 "clk";
    .port_info 1 /INPUT 1 "rst";
    .port_info 2 /INPUT 1 "en";
    .port_info 3 /INPUT 32 "d";
    .port_info 4 /OUTPUT 32 "q";
P_0x56935bcf2ed0 .param/l "DATA_WIDTH" 0 4 11, +C4<00000000000000000000000000100000>;
P_0x56935bcf2f10 .param/l "RESET_MODE" 0 4 12, +C4<00000000000000000000000000000001>;
v0x56935bcf3170_0 .net "clk", 0 0, v0x56935bcfcf30_0;  alias, 1 drivers
v0x56935bcf3230_0 .net "d", 31 0, L_0x56935bd131a0;  alias, 1 drivers
L_0x7840686ceb10 .functor BUFT 1, C4<1>, C4<0>, C4<0>, C4<0>;
v0x56935bcf3310_0 .net "en", 0 0, L_0x7840686ceb10;  1 drivers
v0x56935bcf33e0_0 .var "q", 31 0;
L_0x7840686ceac8 .functor BUFT 1, C4<00000000000000000000000000000000>, C4<0>, C4<0>, C4<0>;
v0x56935bcf34c0_0 .net "reset_value_w", 31 0, L_0x7840686ceac8;  1 drivers
v0x56935bcf35a0_0 .net "rst", 0 0, v0x56935bcfdbf0_0;  alias, 1 drivers
S_0x56935bcf37f0 .scope module, "u_Std_sre_DFF_inst1_o" "Std_sre_DFF" 3 174, 4 10 0, S_0x56935bcc22f0;
 .timescale -9 -12;
    .port_info 0 /INPUT 1 "clk";
    .port_info 1 /INPUT 1 "rst";
    .port_info 2 /INPUT 1 "en";
    .port_info 3 /INPUT 32 "d";
    .port_info 4 /OUTPUT 32 "q";
P_0x56935bcf0780 .param/l "DATA_WIDTH" 0 4 11, +C4<00000000000000000000000000100000>;
P_0x56935bcf07c0 .param/l "RESET_MODE" 0 4 12, +C4<00000000000000000000000000000001>;
v0x56935bcf3b50_0 .net "clk", 0 0, v0x56935bcfcf30_0;  alias, 1 drivers
v0x56935bcf3c10_0 .net "d", 31 0, L_0x56935bd13680;  alias, 1 drivers
L_0x7840686ceba0 .functor BUFT 1, C4<1>, C4<0>, C4<0>, C4<0>;
v0x56935bcf3cf0_0 .net "en", 0 0, L_0x7840686ceba0;  1 drivers
v0x56935bcf3dc0_0 .var "q", 31 0;
L_0x7840686ceb58 .functor BUFT 1, C4<00000000000000000000000000000000>, C4<0>, C4<0>, C4<0>;
v0x56935bcf3ea0_0 .net "reset_value_w", 31 0, L_0x7840686ceb58;  1 drivers
v0x56935bcf3fd0_0 .net "rst", 0 0, v0x56935bcfdbf0_0;  alias, 1 drivers
S_0x56935bcf4110 .scope module, "u_Std_sre_DFF_inst_valid_o" "Std_sre_DFF" 3 185, 4 10 0, S_0x56935bcc22f0;
 .timescale -9 -12;
    .port_info 0 /INPUT 1 "clk";
    .port_info 1 /INPUT 1 "rst";
    .port_info 2 /INPUT 1 "en";
    .port_info 3 /INPUT 1 "d";
    .port_info 4 /OUTPUT 1 "q";
P_0x56935bcf0220 .param/l "DATA_WIDTH" 0 4 11, +C4<00000000000000000000000000000001>;
P_0x56935bcf0260 .param/l "RESET_MODE" 0 4 12, +C4<00000000000000000000000000000001>;
v0x56935bcf4470_0 .net "clk", 0 0, v0x56935bcfcf30_0;  alias, 1 drivers
v0x56935bcf4530_0 .net "d", 0 0, L_0x56935bd13f20;  alias, 1 drivers
L_0x7840686cec30 .functor BUFT 1, C4<1>, C4<0>, C4<0>, C4<0>;
v0x56935bcf4610_0 .net "en", 0 0, L_0x7840686cec30;  1 drivers
v0x56935bcf46e0_0 .var "q", 0 0;
L_0x7840686cebe8 .functor BUFT 1, C4<0>, C4<0>, C4<0>, C4<0>;
v0x56935bcf47c0_0 .net "reset_value_w", 0 0, L_0x7840686cebe8;  1 drivers
v0x56935bcf48f0_0 .net "rst", 0 0, v0x56935bcfdbf0_0;  alias, 1 drivers
S_0x56935bcf4a30 .scope module, "u_Std_sre_DFF_misaligned_addr_reg" "Std_sre_DFF" 3 138, 4 10 0, S_0x56935bcc22f0;
 .timescale -9 -12;
    .port_info 0 /INPUT 1 "clk";
    .port_info 1 /INPUT 1 "rst";
    .port_info 2 /INPUT 1 "en";
    .port_info 3 /INPUT 64 "d";
    .port_info 4 /OUTPUT 64 "q";
P_0x56935bcf2fb0 .param/l "DATA_WIDTH" 0 4 11, +C4<00000000000000000000000001000000>;
P_0x56935bcf2ff0 .param/l "RESET_MODE" 0 4 12, +C4<00000000000000000000000000000001>;
v0x56935bcf4e20_0 .net "clk", 0 0, v0x56935bcfcf30_0;  alias, 1 drivers
v0x56935bcf4ee0_0 .net "d", 63 0, v0x56935bcfd8a0_0;  alias, 1 drivers
v0x56935bcf4fc0_0 .net "en", 0 0, L_0x56935bd14760;  alias, 1 drivers
v0x56935bcf5090_0 .var "q", 63 0;
L_0x7840686ce9f0 .functor BUFT 1, C4<0000000000000000000000000000000000000000000000000000000000000000>, C4<0>, C4<0>, C4<0>;
v0x56935bcf5170_0 .net "reset_value_w", 63 0, L_0x7840686ce9f0;  1 drivers
v0x56935bcf52a0_0 .net "rst", 0 0, v0x56935bcfdbf0_0;  alias, 1 drivers
S_0x56935bcf53e0 .scope module, "u_Std_sre_DFF_misaligned_exception_o" "Std_sre_DFF" 3 196, 4 10 0, S_0x56935bcc22f0;
 .timescale -9 -12;
    .port_info 0 /INPUT 1 "clk";
    .port_info 1 /INPUT 1 "rst";
    .port_info 2 /INPUT 1 "en";
    .port_info 3 /INPUT 1 "d";
    .port_info 4 /OUTPUT 1 "q";
P_0x56935bcf4c60 .param/l "DATA_WIDTH" 0 4 11, +C4<00000000000000000000000000000001>;
P_0x56935bcf4ca0 .param/l "RESET_MODE" 0 4 12, +C4<00000000000000000000000000000001>;
v0x56935bcf57d0_0 .net "clk", 0 0, v0x56935bcfcf30_0;  alias, 1 drivers
v0x56935bcf5890_0 .net "d", 0 0, L_0x56935bd13a90;  alias, 1 drivers
L_0x7840686cecc0 .functor BUFT 1, C4<1>, C4<0>, C4<0>, C4<0>;
v0x56935bcf5970_0 .net "en", 0 0, L_0x7840686cecc0;  1 drivers
v0x56935bcf5a40_0 .var "q", 0 0;
L_0x7840686cec78 .functor BUFT 1, C4<0>, C4<0>, C4<0>, C4<0>;
v0x56935bcf5b20_0 .net "reset_value_w", 0 0, L_0x7840686cec78;  1 drivers
v0x56935bcf5c50_0 .net "rst", 0 0, v0x56935bcfdbf0_0;  alias, 1 drivers
S_0x56935bcf5d90 .scope module, "u_Std_sre_DFF_queue_read_ptr" "Std_sre_DFF" 3 152, 4 10 0, S_0x56935bcc22f0;
 .timescale -9 -12;
    .port_info 0 /INPUT 1 "clk";
    .port_info 1 /INPUT 1 "rst";
    .port_info 2 /INPUT 1 "en";
    .port_info 3 /INPUT 3 "d";
    .port_info 4 /OUTPUT 3 "q";
P_0x56935bcf5610 .param/l "DATA_WIDTH" 0 4 11, +C4<00000000000000000000000000000011>;
P_0x56935bcf5650 .param/l "RESET_MODE" 0 4 12, +C4<00000000000000000000000000000001>;
v0x56935bcf6180_0 .net "clk", 0 0, v0x56935bcfcf30_0;  alias, 1 drivers
v0x56935bcf6240_0 .net "d", 2 0, L_0x56935bd10cc0;  alias, 1 drivers
L_0x7840686cea80 .functor BUFT 1, C4<1>, C4<0>, C4<0>, C4<0>;
v0x56935bcf6320_0 .net "en", 0 0, L_0x7840686cea80;  1 drivers
v0x56935bcf63f0_0 .var "q", 2 0;
L_0x7840686cea38 .functor BUFT 1, C4<000>, C4<0>, C4<0>, C4<0>;
v0x56935bcf64d0_0 .net "reset_value_w", 2 0, L_0x7840686cea38;  1 drivers
v0x56935bcf6600_0 .net "rst", 0 0, v0x56935bcfdbf0_0;  alias, 1 drivers
S_0x56935bcf6740 .scope module, "u_Std_sre_DFF_queue_write_ptr" "Std_sre_DFF" 3 102, 4 10 0, S_0x56935bcc22f0;
 .timescale -9 -12;
    .port_info 0 /INPUT 1 "clk";
    .port_info 1 /INPUT 1 "rst";
    .port_info 2 /INPUT 1 "en";
    .port_info 3 /INPUT 3 "d";
    .port_info 4 /OUTPUT 3 "q";
P_0x56935bcf5fc0 .param/l "DATA_WIDTH" 0 4 11, +C4<00000000000000000000000000000011>;
P_0x56935bcf6000 .param/l "RESET_MODE" 0 4 12, +C4<00000000000000000000000000000001>;
v0x56935bcf6b30_0 .net "clk", 0 0, v0x56935bcfcf30_0;  alias, 1 drivers
v0x56935bcf6bf0_0 .net "d", 2 0, L_0x56935bd10600;  alias, 1 drivers
L_0x7840686ce570 .functor BUFT 1, C4<1>, C4<0>, C4<0>, C4<0>;
v0x56935bcf6cd0_0 .net "en", 0 0, L_0x7840686ce570;  1 drivers
v0x56935bcf6da0_0 .var "q", 2 0;
L_0x7840686ce528 .functor BUFT 1, C4<000>, C4<0>, C4<0>, C4<0>;
v0x56935bcf6e80_0 .net "reset_value_w", 2 0, L_0x7840686ce528;  1 drivers
v0x56935bcf6fb0_0 .net "rst", 0 0, v0x56935bcfdbf0_0;  alias, 1 drivers
    .scope S_0x56935bcc2ee0;
T_0 ;
    %wait E_0x56935bc77030;
    %load/vec4 v0x56935bcd6460_0;
    %nor/r;
    %flag_set/vec4 8;
    %jmp/0xz  T_0.0, 8;
    %load/vec4 v0x56935bc68490_0;
    %assign/vec4 v0x56935bca2d80_0, 0;
    %jmp T_0.1;
T_0.0 ;
    %load/vec4 v0x56935bca4080_0;
    %flag_set/vec4 8;
    %jmp/0xz  T_0.2, 8;
    %load/vec4 v0x56935bca5380_0;
    %assign/vec4 v0x56935bca2d80_0, 0;
T_0.2 ;
T_0.1 ;
    %jmp T_0;
    .thread T_0;
    .scope S_0x56935bcedbd0;
T_1 ;
    %wait E_0x56935bc77030;
    %load/vec4 v0x56935bcee230_0;
    %nor/r;
    %flag_set/vec4 8;
    %jmp/0xz  T_1.0, 8;
    %load/vec4 v0x56935bcee100_0;
    %assign/vec4 v0x56935bcee040_0, 0;
    %jmp T_1.1;
T_1.0 ;
    %load/vec4 v0x56935bcedfa0_0;
    %flag_set/vec4 8;
    %jmp/0xz  T_1.2, 8;
    %load/vec4 v0x56935bcedf00_0;
    %assign/vec4 v0x56935bcee040_0, 0;
T_1.2 ;
T_1.1 ;
    %jmp T_1;
    .thread T_1;
    .scope S_0x56935bcee640;
T_2 ;
    %wait E_0x56935bc77030;
    %load/vec4 v0x56935bceeeb0_0;
    %nor/r;
    %flag_set/vec4 8;
    %jmp/0xz  T_2.0, 8;
    %load/vec4 v0x56935bceed80_0;
    %assign/vec4 v0x56935bceeca0_0, 0;
    %jmp T_2.1;
T_2.0 ;
    %load/vec4 v0x56935bceec00_0;
    %flag_set/vec4 8;
    %jmp/0xz  T_2.2, 8;
    %load/vec4 v0x56935bceeaf0_0;
    %assign/vec4 v0x56935bceeca0_0, 0;
T_2.2 ;
T_2.1 ;
    %jmp T_2;
    .thread T_2;
    .scope S_0x56935bcef320;
T_3 ;
    %wait E_0x56935bc77030;
    %load/vec4 v0x56935bcefa90_0;
    %nor/r;
    %flag_set/vec4 8;
    %jmp/0xz  T_3.0, 8;
    %load/vec4 v0x56935bcef960_0;
    %assign/vec4 v0x56935bcef880_0, 0;
    %jmp T_3.1;
T_3.0 ;
    %load/vec4 v0x56935bcef7b0_0;
    %flag_set/vec4 8;
    %jmp/0xz  T_3.2, 8;
    %load/vec4 v0x56935bcef6f0_0;
    %assign/vec4 v0x56935bcef880_0, 0;
T_3.2 ;
T_3.1 ;
    %jmp T_3;
    .thread T_3;
    .scope S_0x56935bceff00;
T_4 ;
    %wait E_0x56935bc77030;
    %load/vec4 v0x56935bcf06e0_0;
    %nor/r;
    %flag_set/vec4 8;
    %jmp/0xz  T_4.0, 8;
    %load/vec4 v0x56935bcf0600_0;
    %assign/vec4 v0x56935bcf0520_0, 0;
    %jmp T_4.1;
T_4.0 ;
    %load/vec4 v0x56935bcf0450_0;
    %flag_set/vec4 8;
    %jmp/0xz  T_4.2, 8;
    %load/vec4 v0x56935bcf0300_0;
    %assign/vec4 v0x56935bcf0520_0, 0;
T_4.2 ;
T_4.1 ;
    %jmp T_4;
    .thread T_4;
    .scope S_0x56935bcf0af0;
T_5 ;
    %wait E_0x56935bc77030;
    %load/vec4 v0x56935bcf1350_0;
    %nor/r;
    %flag_set/vec4 8;
    %jmp/0xz  T_5.0, 8;
    %load/vec4 v0x56935bcf1220_0;
    %assign/vec4 v0x56935bcf1140_0, 0;
    %jmp T_5.1;
T_5.0 ;
    %load/vec4 v0x56935bcf1070_0;
    %flag_set/vec4 8;
    %jmp/0xz  T_5.2, 8;
    %load/vec4 v0x56935bcf0fb0_0;
    %assign/vec4 v0x56935bcf1140_0, 0;
T_5.2 ;
T_5.1 ;
    %jmp T_5;
    .thread T_5;
    .scope S_0x56935bcf1770;
T_6 ;
    %wait E_0x56935bc77030;
    %load/vec4 v0x56935bcf1f40_0;
    %nor/r;
    %flag_set/vec4 8;
    %jmp/0xz  T_6.0, 8;
    %load/vec4 v0x56935bcf1e10_0;
    %assign/vec4 v0x56935bcf1d30_0, 0;
    %jmp T_6.1;
T_6.0 ;
    %load/vec4 v0x56935bcf1c60_0;
    %flag_set/vec4 8;
    %jmp/0xz  T_6.2, 8;
    %load/vec4 v0x56935bcf1ba0_0;
    %assign/vec4 v0x56935bcf1d30_0, 0;
T_6.2 ;
T_6.1 ;
    %jmp T_6;
    .thread T_6;
    .scope S_0x56935bcf2360;
T_7 ;
    %wait E_0x56935bc77030;
    %load/vec4 v0x56935bcf2bb0_0;
    %nor/r;
    %flag_set/vec4 8;
    %jmp/0xz  T_7.0, 8;
    %load/vec4 v0x56935bcf2a80_0;
    %assign/vec4 v0x56935bcf29a0_0, 0;
    %jmp T_7.1;
T_7.0 ;
    %load/vec4 v0x56935bcf28d0_0;
    %flag_set/vec4 8;
    %jmp/0xz  T_7.2, 8;
    %load/vec4 v0x56935bcf2810_0;
    %assign/vec4 v0x56935bcf29a0_0, 0;
T_7.2 ;
T_7.1 ;
    %jmp T_7;
    .thread T_7;
    .scope S_0x56935bcf6740;
T_8 ;
    %wait E_0x56935bc77030;
    %load/vec4 v0x56935bcf6fb0_0;
    %nor/r;
    %flag_set/vec4 8;
    %jmp/0xz  T_8.0, 8;
    %load/vec4 v0x56935bcf6e80_0;
    %assign/vec4 v0x56935bcf6da0_0, 0;
    %jmp T_8.1;
T_8.0 ;
    %load/vec4 v0x56935bcf6cd0_0;
    %flag_set/vec4 8;
    %jmp/0xz  T_8.2, 8;
    %load/vec4 v0x56935bcf6bf0_0;
    %assign/vec4 v0x56935bcf6da0_0, 0;
T_8.2 ;
T_8.1 ;
    %jmp T_8;
    .thread T_8;
    .scope S_0x56935bcf4a30;
T_9 ;
    %wait E_0x56935bc77030;
    %load/vec4 v0x56935bcf52a0_0;
    %nor/r;
    %flag_set/vec4 8;
    %jmp/0xz  T_9.0, 8;
    %load/vec4 v0x56935bcf5170_0;
    %assign/vec4 v0x56935bcf5090_0, 0;
    %jmp T_9.1;
T_9.0 ;
    %load/vec4 v0x56935bcf4fc0_0;
    %flag_set/vec4 8;
    %jmp/0xz  T_9.2, 8;
    %load/vec4 v0x56935bcf4ee0_0;
    %assign/vec4 v0x56935bcf5090_0, 0;
T_9.2 ;
T_9.1 ;
    %jmp T_9;
    .thread T_9;
    .scope S_0x56935bcf5d90;
T_10 ;
    %wait E_0x56935bc77030;
    %load/vec4 v0x56935bcf6600_0;
    %nor/r;
    %flag_set/vec4 8;
    %jmp/0xz  T_10.0, 8;
    %load/vec4 v0x56935bcf64d0_0;
    %assign/vec4 v0x56935bcf63f0_0, 0;
    %jmp T_10.1;
T_10.0 ;
    %load/vec4 v0x56935bcf6320_0;
    %flag_set/vec4 8;
    %jmp/0xz  T_10.2, 8;
    %load/vec4 v0x56935bcf6240_0;
    %assign/vec4 v0x56935bcf63f0_0, 0;
T_10.2 ;
T_10.1 ;
    %jmp T_10;
    .thread T_10;
    .scope S_0x56935bcf2cf0;
T_11 ;
    %wait E_0x56935bc77030;
    %load/vec4 v0x56935bcf35a0_0;
    %nor/r;
    %flag_set/vec4 8;
    %jmp/0xz  T_11.0, 8;
    %load/vec4 v0x56935bcf34c0_0;
    %assign/vec4 v0x56935bcf33e0_0, 0;
    %jmp T_11.1;
T_11.0 ;
    %load/vec4 v0x56935bcf3310_0;
    %flag_set/vec4 8;
    %jmp/0xz  T_11.2, 8;
    %load/vec4 v0x56935bcf3230_0;
    %assign/vec4 v0x56935bcf33e0_0, 0;
T_11.2 ;
T_11.1 ;
    %jmp T_11;
    .thread T_11;
    .scope S_0x56935bcf37f0;
T_12 ;
    %wait E_0x56935bc77030;
    %load/vec4 v0x56935bcf3fd0_0;
    %nor/r;
    %flag_set/vec4 8;
    %jmp/0xz  T_12.0, 8;
    %load/vec4 v0x56935bcf3ea0_0;
    %assign/vec4 v0x56935bcf3dc0_0, 0;
    %jmp T_12.1;
T_12.0 ;
    %load/vec4 v0x56935bcf3cf0_0;
    %flag_set/vec4 8;
    %jmp/0xz  T_12.2, 8;
    %load/vec4 v0x56935bcf3c10_0;
    %assign/vec4 v0x56935bcf3dc0_0, 0;
T_12.2 ;
T_12.1 ;
    %jmp T_12;
    .thread T_12;
    .scope S_0x56935bcf4110;
T_13 ;
    %wait E_0x56935bc77030;
    %load/vec4 v0x56935bcf48f0_0;
    %nor/r;
    %flag_set/vec4 8;
    %jmp/0xz  T_13.0, 8;
    %load/vec4 v0x56935bcf47c0_0;
    %assign/vec4 v0x56935bcf46e0_0, 0;
    %jmp T_13.1;
T_13.0 ;
    %load/vec4 v0x56935bcf4610_0;
    %flag_set/vec4 8;
    %jmp/0xz  T_13.2, 8;
    %load/vec4 v0x56935bcf4530_0;
    %assign/vec4 v0x56935bcf46e0_0, 0;
T_13.2 ;
T_13.1 ;
    %jmp T_13;
    .thread T_13;
    .scope S_0x56935bcf53e0;
T_14 ;
    %wait E_0x56935bc77030;
    %load/vec4 v0x56935bcf5c50_0;
    %nor/r;
    %flag_set/vec4 8;
    %jmp/0xz  T_14.0, 8;
    %load/vec4 v0x56935bcf5b20_0;
    %assign/vec4 v0x56935bcf5a40_0, 0;
    %jmp T_14.1;
T_14.0 ;
    %load/vec4 v0x56935bcf5970_0;
    %flag_set/vec4 8;
    %jmp/0xz  T_14.2, 8;
    %load/vec4 v0x56935bcf5890_0;
    %assign/vec4 v0x56935bcf5a40_0, 0;
T_14.2 ;
T_14.1 ;
    %jmp T_14;
    .thread T_14;
    .scope S_0x56935bcb2220;
T_15 ;
    %pushi/vec4 0, 0, 1;
    %store/vec4 v0x56935bcfcf30_0, 0, 1;
T_15.0 ;
    %delay 5000, 0;
    %load/vec4 v0x56935bcfcf30_0;
    %inv;
    %store/vec4 v0x56935bcfcf30_0, 0, 1;
    %jmp T_15.0;
    %end;
    .thread T_15;
    .scope S_0x56935bcb2220;
T_16 ;
    %vpi_call 2 72 "$dumpfile", "Instr_Queue_tb.vcd" {0 0 0};
    %vpi_call 2 73 "$dumpvars", 32'sb00000000000000000000000000000000, S_0x56935bcb2220 {0 0 0};
    %pushi/vec4 0, 0, 1;
    %store/vec4 v0x56935bcfdbf0_0, 0, 1;
    %pushi/vec4 0, 0, 32;
    %store/vec4 v0x56935bcfd280_0, 0, 32;
    %pushi/vec4 0, 0, 32;
    %store/vec4 v0x56935bcfd460_0, 0, 32;
    %pushi/vec4 0, 0, 1;
    %store/vec4 v0x56935bcfd5f0_0, 0, 1;
    %pushi/vec4 0, 0, 1;
    %store/vec4 v0x56935bcfda30_0, 0, 1;
    %pushi/vec4 0, 0, 64;
    %store/vec4 v0x56935bcfd8a0_0, 0, 64;
    %pushi/vec4 0, 0, 1;
    %store/vec4 v0x56935bcfd1b0_0, 0, 1;
    %pushi/vec4 0, 0, 1;
    %store/vec4 v0x56935bcfcff0_0, 0, 1;
    %wait E_0x56935bc77030;
    %pushi/vec4 0, 0, 1;
    %store/vec4 v0x56935bcfdbf0_0, 0, 1;
    %pushi/vec4 2, 0, 32;
T_16.0 %dup/vec4;
    %pushi/vec4 0, 0, 32;
    %cmp/s;
    %jmp/1xz T_16.1, 5;
    %jmp/1 T_16.1, 4;
    %pushi/vec4 1, 0, 32;
    %sub;
    %wait E_0x56935bc77030;
    %jmp T_16.0;
T_16.1 ;
    %pop/vec4 1;
    %pushi/vec4 1, 0, 1;
    %store/vec4 v0x56935bcfdbf0_0, 0, 1;
    %wait E_0x56935bc77030;
    %wait E_0x56935bc6f840;
    %vpi_call 2 93 "$display", "Test Case 1: Normal Write and Read" {0 0 0};
    %pushi/vec4 3735928559, 0, 32;
    %store/vec4 v0x56935bcfd280_0, 0, 32;
    %pushi/vec4 3405691582, 0, 32;
    %store/vec4 v0x56935bcfd460_0, 0, 32;
    %pushi/vec4 1, 0, 1;
    %store/vec4 v0x56935bcfd5f0_0, 0, 1;
    %wait E_0x56935bc77030;
    %wait E_0x56935bc6f840;
    %pushi/vec4 305419896, 0, 32;
    %store/vec4 v0x56935bcfd280_0, 0, 32;
    %pushi/vec4 2271560481, 0, 32;
    %store/vec4 v0x56935bcfd460_0, 0, 32;
    %wait E_0x56935bc77030;
    %wait E_0x56935bc6f840;
    %pushi/vec4 0, 0, 1;
    %store/vec4 v0x56935bcfd5f0_0, 0, 1;
    %wait E_0x56935bc77030;
    %wait E_0x56935bc6f840;
    %pushi/vec4 1, 0, 1;
    %store/vec4 v0x56935bcfcff0_0, 0, 1;
    %wait E_0x56935bc77030;
    %pushi/vec4 2, 0, 32;
T_16.2 %dup/vec4;
    %pushi/vec4 0, 0, 32;
    %cmp/s;
    %jmp/1xz T_16.3, 5;
    %jmp/1 T_16.3, 4;
    %pushi/vec4 1, 0, 32;
    %sub;
    %wait E_0x56935bc77030;
    %jmp T_16.2;
T_16.3 ;
    %pop/vec4 1;
    %wait E_0x56935bc6f840;
    %vpi_call 2 117 "$display", "Test Case 2: Fill Queue to Full" {0 0 0};
    %pushi/vec4 1, 0, 1;
    %store/vec4 v0x56935bcfd5f0_0, 0, 1;
    %wait E_0x56935bc77030;
    %pushi/vec4 0, 0, 32;
    %store/vec4 v0x56935bcfd0e0_0, 0, 32;
T_16.4 ;
    %load/vec4 v0x56935bcfd0e0_0;
    %cmpi/s 8, 0, 32;
    %jmp/0xz T_16.5, 5;
    %wait E_0x56935bc6f840;
    %pushi/vec4 0, 0, 32;
    %load/vec4 v0x56935bcfd0e0_0;
    %add;
    %store/vec4 v0x56935bcfd280_0, 0, 32;
    %pushi/vec4 286331153, 0, 32;
    %load/vec4 v0x56935bcfd0e0_0;
    %add;
    %store/vec4 v0x56935bcfd460_0, 0, 32;
    %wait E_0x56935bc77030;
    %load/vec4 v0x56935bcfd0e0_0;
    %addi 1, 0, 32;
    %store/vec4 v0x56935bcfd0e0_0, 0, 32;
    %jmp T_16.4;
T_16.5 ;
    %wait E_0x56935bc6f840;
    %pushi/vec4 0, 0, 1;
    %store/vec4 v0x56935bcfd5f0_0, 0, 1;
    %wait E_0x56935bc77030;
    %wait E_0x56935bc6f840;
    %pushi/vec4 0, 0, 1;
    %store/vec4 v0x56935bcfd5f0_0, 0, 1;
    %wait E_0x56935bc77030;
    %wait E_0x56935bc6f840;
    %vpi_call 2 137 "$display", "Test Case 3: Misaligned Exception" {0 0 0};
    %pushi/vec4 1, 0, 1;
    %store/vec4 v0x56935bcfcff0_0, 0, 1;
    %wait E_0x56935bc77030;
    %pushi/vec4 8, 0, 32;
T_16.6 %dup/vec4;
    %pushi/vec4 0, 0, 32;
    %cmp/s;
    %jmp/1xz T_16.7, 5;
    %jmp/1 T_16.7, 4;
    %pushi/vec4 1, 0, 32;
    %sub;
    %wait E_0x56935bc77030;
    %jmp T_16.6;
T_16.7 ;
    %pop/vec4 1;
    %wait E_0x56935bc6f840;
    %pushi/vec4 0, 0, 1;
    %store/vec4 v0x56935bcfcff0_0, 0, 1;
    %wait E_0x56935bc77030;
    %wait E_0x56935bc6f840;
    %pushi/vec4 1431655765, 0, 32;
    %store/vec4 v0x56935bcfd280_0, 0, 32;
    %pushi/vec4 2863311530, 0, 32;
    %store/vec4 v0x56935bcfd460_0, 0, 32;
    %pushi/vec4 1, 0, 1;
    %store/vec4 v0x56935bcfd5f0_0, 0, 1;
    %pushi/vec4 1, 0, 1;
    %store/vec4 v0x56935bcfda30_0, 0, 1;
    %pushi/vec4 4294967295, 0, 32;
    %concati/vec4 4294967292, 0, 32;
    %store/vec4 v0x56935bcfd8a0_0, 0, 64;
    %wait E_0x56935bc77030;
    %wait E_0x56935bc6f840;
    %pushi/vec4 0, 0, 1;
    %store/vec4 v0x56935bcfd5f0_0, 0, 1;
    %pushi/vec4 0, 0, 1;
    %store/vec4 v0x56935bcfda30_0, 0, 1;
    %wait E_0x56935bc77030;
    %wait E_0x56935bc6f840;
    %pushi/vec4 1, 0, 1;
    %store/vec4 v0x56935bcfcff0_0, 0, 1;
    %wait E_0x56935bc77030;
    %wait E_0x56935bc6f840;
    %pushi/vec4 0, 0, 1;
    %store/vec4 v0x56935bcfcff0_0, 0, 1;
    %wait E_0x56935bc77030;
    %wait E_0x56935bc6f840;
    %vpi_call 2 169 "$display", "Test Case 4: Flush Queue" {0 0 0};
    %pushi/vec4 3149642683, 0, 32;
    %store/vec4 v0x56935bcfd280_0, 0, 32;
    %pushi/vec4 3435973836, 0, 32;
    %store/vec4 v0x56935bcfd460_0, 0, 32;
    %pushi/vec4 1, 0, 1;
    %store/vec4 v0x56935bcfd5f0_0, 0, 1;
    %wait E_0x56935bc77030;
    %wait E_0x56935bc77030;
    %wait E_0x56935bc6f840;
    %pushi/vec4 0, 0, 1;
    %store/vec4 v0x56935bcfd5f0_0, 0, 1;
    %wait E_0x56935bc77030;
    %wait E_0x56935bc6f840;
    %pushi/vec4 1, 0, 1;
    %store/vec4 v0x56935bcfd1b0_0, 0, 1;
    %wait E_0x56935bc77030;
    %wait E_0x56935bc6f840;
    %pushi/vec4 0, 0, 1;
    %store/vec4 v0x56935bcfd1b0_0, 0, 1;
    %wait E_0x56935bc77030;
    %wait E_0x56935bc6f840;
    %pushi/vec4 1, 0, 1;
    %store/vec4 v0x56935bcfcff0_0, 0, 1;
    %wait E_0x56935bc77030;
    %wait E_0x56935bc6f840;
    %pushi/vec4 0, 0, 1;
    %store/vec4 v0x56935bcfcff0_0, 0, 1;
    %wait E_0x56935bc77030;
    %wait E_0x56935bc6f840;
    %vpi_call 2 199 "$display", "Simulation Finished" {0 0 0};
    %vpi_call 2 200 "$finish" {0 0 0};
    %end;
    .thread T_16;
    .scope S_0x56935bcb2220;
T_17 ;
    %vpi_call 2 205 "$monitor", "Time=%0t rst=%b inst_valid_i=%b decode_ready_i=%b instr_que_ready_o=%b inst_valid_o=%b inst0_o=%h inst1_o=%h misaligned_exception_o=%b misaligned_addr_bypass_o=%h", $time, v0x56935bcfdbf0_0, v0x56935bcfd5f0_0, v0x56935bcfcff0_0, v0x56935bcfd730_0, v0x56935bcfd690_0, v0x56935bcfd370_0, v0x56935bcfd500_0, v0x56935bcfdb00_0, v0x56935bcfd7d0_0 {0 0 0};
    %end;
    .thread T_17;
    .scope S_0x56935bcb2220;
T_18 ;
    %vpi_call 2 211 "$monitor", "Time=%0t Inputs: inst0_i=%h, inst1_i=%h, inst_valid_i=%b, misaligned_exception_i=%b", $time, v0x56935bcfd280_0, v0x56935bcfd460_0, v0x56935bcfd5f0_0, v0x56935bcfda30_0 {0 0 0};
    %end;
    .thread T_18;
# The file index is used to find the file name in the following table.
:file_names 5;
    "N/A";
    "<interactive>";
    "../sim/Instr_Queue_tb.v";
    "./../rtl/Instr_Queue.v";
    "./../rtl/Std_sre_DFF.v";
